#
# There is insufficient memory for the Java Runtime Environment to continue.
# Native memory allocation (mmap) failed to map 257949696 bytes. Error detail: G1 virtual space
# Possible reasons:
#   The system is out of physical RAM or swap space
#   This process is running with CompressedOops enabled, and the Java Heap may be blocking the growth of the native heap
# Possible solutions:
#   Reduce memory load on the system
#   Increase physical memory or swap space
#   Check if swap backing store is full
#   Decrease Java heap size (-Xmx/-Xms)
#   Decrease number of Java threads
#   Decrease Java thread stack sizes (-Xss)
#   Set larger code cache with -XX:ReservedCodeCacheSize=
#   JVM is running with Zero Based Compressed Oops mode in which the Java heap is
#     placed in the first 32GB address space. The Java Heap base address is the
#     maximum limit for the native heap growth. Please use -XX:HeapBaseMinAddress
#     to set the Java Heap base and to place the Java Heap above 32GB virtual address.
# This output file may be truncated or incomplete.
#
#  Out of Memory Error (os_windows.cpp:3825), pid=20352, tid=14452
#
# JRE version:  (17.0.11) (build )
# Java VM: OpenJDK 64-Bit Server VM (17.0.11+0--11852314, mixed mode, sharing, tiered, compressed oops, compressed class ptrs, g1 gc, windows-amd64)
# No core dump will be written. Minidumps are not enabled by default on client versions of Windows
#

---------------  S U M M A R Y ------------

Command Line: org.jetbrains.kotlin.cli.jvm.K2JVMCompiler @D:\IT\Android Development\Jetpack Compose Kotlin\Room Database Only\RoomDatabase_One\app\build\20250211_3396082210828256941.compiler.options

Host: AMD Ryzen 7 6800H with Radeon Graphics         , 16 cores, 15G,  Windows 11 , 64 bit Build 26100 (10.0.26100.2454)
Time: Tue Feb 11 14:39:05 2025 SE Asia Standard Time elapsed time: 2.030749 seconds (0d 0h 0m 2s)

---------------  T H R E A D  ---------------

Current thread (0x000001548f727a20):  JavaThread "Unknown thread" [_thread_in_vm, id=14452, stack(0x0000003ddef00000,0x0000003ddf000000)]

Stack: [0x0000003ddef00000,0x0000003ddf000000]
Native frames: (J=compiled Java code, j=interpreted, Vv=VM code, C=native code)
V  [jvm.dll+0x687bb9]
V  [jvm.dll+0x84142a]
V  [jvm.dll+0x8430ae]
V  [jvm.dll+0x843713]
V  [jvm.dll+0x24a35f]
V  [jvm.dll+0x684989]
V  [jvm.dll+0x67923a]
V  [jvm.dll+0x30af0b]
V  [jvm.dll+0x3123b6]
V  [jvm.dll+0x361dfe]
V  [jvm.dll+0x36202f]
V  [jvm.dll+0x2e0d38]
V  [jvm.dll+0x2e1ca4]
V  [jvm.dll+0x811f21]
V  [jvm.dll+0x36fb68]
V  [jvm.dll+0x7f0896]
V  [jvm.dll+0x3f3d2f]
V  [jvm.dll+0x3f58e1]
C  [jli.dll+0x528f]
C  [ucrtbase.dll+0x14ea0]
C  [KERNEL32.DLL+0x2e8d7]
C  [ntdll.dll+0xdfbcc]


---------------  P R O C E S S  ---------------

Threads class SMR info:
_java_thread_list=0x00007ff8ef22efd8, length=0, elements={
}

Java Threads: ( => current thread )

Other Threads:
  0x000001548f791220 GCTaskThread "GC Thread#0" [stack: 0x0000003ddf000000,0x0000003ddf100000] [id=11672]
  0x000001548f7a3530 ConcurrentGCThread "G1 Main Marker" [stack: 0x0000003ddf100000,0x0000003ddf200000] [id=19732]
  0x000001548f7a5780 ConcurrentGCThread "G1 Conc#0" [stack: 0x0000003ddf200000,0x0000003ddf300000] [id=17596]

[error occurred during error reporting (printing all threads), id 0xc0000005, EXCEPTION_ACCESS_VIOLATION (0xc0000005) at pc=0x00007ff8ee9e1907]

VM state: not at safepoint (not fully initialized)

VM Mutex/Monitor currently owned by a thread:  ([mutex/lock_event])
[0x000001548f7248b0] Heap_lock - owner thread: 0x000001548f727a20

Heap address: 0x000000070bc00000, size: 3908 MB, Compressed Oops mode: Zero based, Oop shift amount: 3

CDS archive(s) mapped at: [0x0000000000000000-0x0000000000000000-0x0000000000000000), size 0, SharedBaseAddress: 0x0000000800000000, ArchiveRelocationMode: 1.
Narrow klass base: 0x0000000000000000, Narrow klass shift: 0, Narrow klass range: 0x0

GC Precious Log:
<Empty>

Heap:
 garbage-first heap   total 0K, used 0K [0x000000070bc00000, 0x0000000800000000)
  region size 2048K, 0 young (0K), 0 survivors (0K)
 Metaspace       used 0K, committed 0K, reserved 0K
  class space    used 0K, committed 0K, reserved 0K

Heap Regions: E=young(eden), S=young(survivor), O=old, HS=humongous(starts), HC=humongous(continues), CS=collection set, F=free, OA=open archive, CA=closed archive, TAMS=top-at-mark-start (previous, next)

Card table byte_map: [0x00000154a3420000,0x00000154a3bd0000] _byte_map_base: 0x000001549fbc2000

Marking Bits (Prev, Next): (CMBitMap*) 0x000001548f793660, (CMBitMap*) 0x000001548f7936a0
 Prev Bits: [0x00000154a4380000, 0x00000154a8090000)
 Next Bits: [0x00000154a8090000, 0x00000154abda0000)

GC Heap History (0 events):
No events

Dll operation events (1 events):
Event: 0.005 Loaded shared library C:\Program Files\Android\Android Studio\jbr\bin\java.dll

Deoptimization events (0 events):
No events

Classes unloaded (0 events):
No events

Classes redefined (0 events):
No events

Internal exceptions (0 events):
No events

VM Operations (0 events):
No events

Events (0 events):
No events


Dynamic libraries:
0x00007ff68a830000 - 0x00007ff68a83a000 	C:\Program Files\Android\Android Studio\jbr\bin\java.exe
0x00007ff934520000 - 0x00007ff934783000 	C:\WINDOWS\SYSTEM32\ntdll.dll
0x00007ff933e10000 - 0x00007ff933ed8000 	C:\WINDOWS\System32\KERNEL32.DLL
0x00007ff931b30000 - 0x00007ff931ee2000 	C:\WINDOWS\System32\KERNELBASE.dll
0x00007ff931fc0000 - 0x00007ff93210b000 	C:\WINDOWS\System32\ucrtbase.dll
0x00007ff929b50000 - 0x00007ff929b67000 	C:\Program Files\Android\Android Studio\jbr\bin\jli.dll
0x00007ff9151d0000 - 0x00007ff9151eb000 	C:\Program Files\Android\Android Studio\jbr\bin\VCRUNTIME140.dll
0x00007ff934050000 - 0x00007ff934218000 	C:\WINDOWS\System32\USER32.dll
0x00007ff915f80000 - 0x00007ff916210000 	C:\WINDOWS\WinSxS\amd64_microsoft.windows.common-controls_6595b64144ccf1df_6.0.26100.2454_none_3e0b68a2e331ad60\COMCTL32.dll
0x00007ff931ef0000 - 0x00007ff931f17000 	C:\WINDOWS\System32\win32u.dll
0x00007ff9344b0000 - 0x00007ff9344da000 	C:\WINDOWS\System32\GDI32.dll
0x00007ff932d90000 - 0x00007ff932e39000 	C:\WINDOWS\System32\msvcrt.dll
0x00007ff932110000 - 0x00007ff93223b000 	C:\WINDOWS\System32\gdi32full.dll
0x00007ff9322d0000 - 0x00007ff932373000 	C:\WINDOWS\System32\msvcp_win.dll
0x00007ff933b10000 - 0x00007ff933b3f000 	C:\WINDOWS\System32\IMM32.DLL
0x00007ff92e450000 - 0x00007ff92e45c000 	C:\Program Files\Android\Android Studio\jbr\bin\vcruntime140_1.dll
0x00007ff9052e0000 - 0x00007ff90536d000 	C:\Program Files\Android\Android Studio\jbr\bin\msvcp140.dll
0x00007ff8ee6f0000 - 0x00007ff8ef373000 	C:\Program Files\Android\Android Studio\jbr\bin\server\jvm.dll
0x00007ff933890000 - 0x00007ff933944000 	C:\WINDOWS\System32\ADVAPI32.dll
0x00007ff932420000 - 0x00007ff9324c6000 	C:\WINDOWS\System32\sechost.dll
0x00007ff934390000 - 0x00007ff9344a6000 	C:\WINDOWS\System32\RPCRT4.dll
0x00007ff90fdb0000 - 0x00007ff90fdba000 	C:\WINDOWS\SYSTEM32\WSOCK32.dll
0x00007ff931780000 - 0x00007ff9317ce000 	C:\WINDOWS\SYSTEM32\POWRPROF.dll
0x00007ff927ba0000 - 0x00007ff927bd6000 	C:\WINDOWS\SYSTEM32\WINMM.dll
0x00007ff933fd0000 - 0x00007ff934044000 	C:\WINDOWS\System32\WS2_32.dll
0x00007ff928eb0000 - 0x00007ff928ebb000 	C:\WINDOWS\SYSTEM32\VERSION.dll
0x00007ff931760000 - 0x00007ff931774000 	C:\WINDOWS\SYSTEM32\UMPDC.dll
0x00007ff9306f0000 - 0x00007ff93070a000 	C:\WINDOWS\SYSTEM32\kernel.appcore.dll
0x00007ff92e480000 - 0x00007ff92e48a000 	C:\Program Files\Android\Android Studio\jbr\bin\jimage.dll
0x00007ff92f120000 - 0x00007ff92f361000 	C:\WINDOWS\SYSTEM32\DBGHELP.DLL
0x00007ff933070000 - 0x00007ff9333ee000 	C:\WINDOWS\System32\combase.dll
0x00007ff9342b0000 - 0x00007ff934386000 	C:\WINDOWS\System32\OLEAUT32.dll
0x00007ff912bf0000 - 0x00007ff912c29000 	C:\WINDOWS\SYSTEM32\dbgcore.DLL
0x00007ff931f20000 - 0x00007ff931fb9000 	C:\WINDOWS\System32\bcryptPrimitives.dll
0x00007ff92c4d0000 - 0x00007ff92c4f5000 	C:\Program Files\Android\Android Studio\jbr\bin\java.dll

dbghelp: loaded successfully - version: 4.0.5 - missing functions: none
symbol engine: initialized successfully - sym options: 0x614 - pdb path: .;C:\Program Files\Android\Android Studio\jbr\bin;C:\WINDOWS\SYSTEM32;C:\WINDOWS\WinSxS\amd64_microsoft.windows.common-controls_6595b64144ccf1df_6.0.26100.2454_none_3e0b68a2e331ad60;C:\Program Files\Android\Android Studio\jbr\bin\server

VM Arguments:
java_command: org.jetbrains.kotlin.cli.jvm.K2JVMCompiler @D:\IT\Android Development\Jetpack Compose Kotlin\Room Database Only\RoomDatabase_One\app\build\20250211_3396082210828256941.compiler.options
java_class_path (initial): C:\Users\TRC\.gradle\caches\modules-2\files-2.1\org.jetbrains.kotlin\kotlin-compiler-embeddable\1.9.0\2c8c3a7402becca891f12739b3e9fd2dc2adbd7a\kotlin-compiler-embeddable-1.9.0.jar;C:\Users\TRC\.gradle\caches\modules-2\files-2.1\org.jetbrains.kotlin\kotlin-stdlib\1.9.0\8ee15ef0c67dc83d874f412d84378d7f0eb50b63\kotlin-stdlib-1.9.0.jar;C:\Users\TRC\.gradle\caches\modules-2\files-2.1\org.jetbrains.kotlin\kotlin-script-runtime\1.9.0\4b3102cbbb7e1b58d9d1adf89563f00069ffa7d1\kotlin-script-runtime-1.9.0.jar;C:\Users\TRC\.gradle\caches\modules-2\files-2.1\org.jetbrains.kotlin\kotlin-reflect\1.6.10\1cbe9c92c12a94eea200d23c2bbaedaf3daf5132\kotlin-reflect-1.6.10.jar;C:\Users\TRC\.gradle\caches\modules-2\files-2.1\org.jetbrains.kotlin\kotlin-daemon-embeddable\1.9.0\186543f5e28cf8d9a0290fecc2cf34301c40a65c\kotlin-daemon-embeddable-1.9.0.jar;C:\Users\TRC\.gradle\caches\modules-2\files-2.1\org.jetbrains.intellij.deps\trove4j\1.0.20200330\3afb14d5f9ceb459d724e907a21145e8ff394f02\trove4j-1.0.20200330.jar;C:\Users\TRC\.gradle\caches\modules-2\files-2.1\org.jetbrains.kotlin\kotlin-stdlib-common\1.9.0\cd65c21cfd1eec4d44ef09f9f52b6d9f8a720636\kotlin-stdlib-common-1.9.0.jar;C:\Users\TRC\.gradle\caches\modules-2\files-2.1\org.jetbrains\annotations\13.0\919f0dfe192fb4e063e7dacadee7f8bb9a2672a9\annotations-13.0.jar
Launcher Type: SUN_STANDARD

[Global flags]
     intx CICompilerCount                          = 12                                        {product} {ergonomic}
     uint ConcGCThreads                            = 3                                         {product} {ergonomic}
     uint G1ConcRefinementThreads                  = 13                                        {product} {ergonomic}
   size_t G1HeapRegionSize                         = 2097152                                   {product} {ergonomic}
    uintx GCDrainStackTargetSize                   = 64                                        {product} {ergonomic}
   size_t InitialHeapSize                          = 257949696                                 {product} {ergonomic}
   size_t MarkStackSize                            = 4194304                                   {product} {ergonomic}
   size_t MaxHeapSize                              = 4097835008                                {product} {ergonomic}
   size_t MinHeapDeltaBytes                        = 2097152                                   {product} {ergonomic}
   size_t MinHeapSize                              = 8388608                                   {product} {ergonomic}
    uintx NonNMethodCodeHeapSize                   = 7602480                                {pd product} {ergonomic}
    uintx NonProfiledCodeHeapSize                  = 122027880                              {pd product} {ergonomic}
    uintx ProfiledCodeHeapSize                     = 122027880                              {pd product} {ergonomic}
    uintx ReservedCodeCacheSize                    = 251658240                              {pd product} {ergonomic}
     bool SegmentedCodeCache                       = true                                      {product} {ergonomic}
   size_t SoftMaxHeapSize                          = 4097835008                             {manageable} {ergonomic}
     bool UseCompressedClassPointers               = true                           {product lp64_product} {ergonomic}
     bool UseCompressedOops                        = true                           {product lp64_product} {ergonomic}
     bool UseG1GC                                  = true                                      {product} {ergonomic}
     bool UseLargePagesIndividualAllocation        = false                                  {pd product} {ergonomic}

Logging:
Log output configuration:
 #0: stdout all=warning uptime,level,tags
 #1: stderr all=off uptime,level,tags

Environment Variables:
PATH=C:\WINDOWS\system32;C:\WINDOWS;C:\WINDOWS\System32\Wbem;C:\WINDOWS\System32\WindowsPowerShell\v1.0\;C:\WINDOWS\System32\OpenSSH\;C:\Program Files\dotnet\;D:\;C:\Program Files\Java\jdk-18.0.2.1\bin;C:\Program Files\Git\cmd;C:\Program Files\Docker\Docker\resources\bin;C:\Program Files\MySQL\MySQL Shell 8.0\bin\;C:\Users\TRC\.console-ninja\.bin;C:\Users\TRC\AppData\Local\Microsoft\WindowsApps;;D:\Program Files\Microsoft VS Code\bin;C:\Users\TRC\.dotnet\tools;C:\Program Files\JetBrains\IntelliJ IDEA 2023.3.4\bin;C:\Users\TRC\AppData\Roaming\npm;%USERPROFILE%\AppData\Local\Microsoft\WindowsApps
USERNAME=TRC
OS=Windows_NT
PROCESSOR_IDENTIFIER=AMD64 Family 25 Model 68 Stepping 1, AuthenticAMD
TMP=C:\Users\TRC\AppData\Local\Temp
TEMP=C:\Users\TRC\AppData\Local\Temp



Periodic native trim disabled

JNI global refs:
JNI global refs: 0, weak refs: 0

JNI global refs memory usage: 0, weak refs: 0

Process memory usage:
Resident Set Size: 12896K (0% of 16003904K total physical memory with 1780152K free physical memory)

OOME stack traces (most recent first):
Classloader memory used:


---------------  S Y S T E M  ---------------

OS:
 Windows 11 , 64 bit Build 26100 (10.0.26100.2454)
OS uptime: 0 days 2:18 hours
Hyper-V role detected

CPU: total 16 (initial active 16) (16 cores per cpu, 2 threads per core) family 25 model 68 stepping 1 microcode 0xa404102, cx8, cmov, fxsr, ht, mmx, 3dnowpref, sse, sse2, sse3, ssse3, sse4a, sse4.1, sse4.2, popcnt, lzcnt, tsc, tscinvbit, avx, avx2, aes, erms, clmul, bmi1, bmi2, adx, sha, fma, vzeroupper, clflush, clflushopt, hv
Processor Information for all 16 processors :
  Max Mhz: 3201, Current Mhz: 3201, Mhz Limit: 3201

Memory: 4k page, system-wide physical 15628M (1738M free)
TotalPageFile size 18700M (AvailPageFile size 165M)
current process WorkingSet (physical memory assigned to process): 12M, peak: 12M
current process commit charge ("private bytes"): 70M, peak: 316M

vm_info: OpenJDK 64-Bit Server VM (17.0.11+0--11852314) for windows-amd64 JRE (17.0.11+0--11852314), built on May 16 2024 21:29:20 by "androidbuild" with MS VC++ 16.10 / 16.11 (VS2019)

END.
